nohup: appending output to 'nohup.out'
[I 20:54:23.843 NotebookApp] JupyterLab extension loaded from /home/notebookuser/anaconda3/lib/python3.7/site-packages/jupyterlab
[I 20:54:23.844 NotebookApp] JupyterLab application directory is /home/notebookuser/anaconda3/share/jupyter/lab
[I 20:54:23.845 NotebookApp] Serving notebooks from local directory: /home/notebookuser/notebooks
[I 20:54:23.846 NotebookApp] The Jupyter Notebook is running at:
[I 20:54:23.846 NotebookApp] http://(c7c5ae7c8e3e or 127.0.0.1):9003/?token=7cdfa94bd445376d1ce1fba9fae28db9cfd1b5dd14eb0540
[I 20:54:23.847 NotebookApp] Use Control-C to stop this server and shut down all kernels (twice to skip confirmation).
[C 20:54:23.851 NotebookApp] 
    
    To access the notebook, open this file in a browser:
        file:///home/notebookuser/.local/share/jupyter/runtime/nbserver-812-open.html
    Or copy and paste one of these URLs:
        http://(c7c5ae7c8e3e or 127.0.0.1):9003/?token=7cdfa94bd445376d1ce1fba9fae28db9cfd1b5dd14eb0540
[I 20:54:51.100 NotebookApp] 302 POST /login?next=%2F (172.17.0.1) 1.65ms
[I 20:54:51.106 NotebookApp] 302 GET / (172.17.0.1) 0.46ms
[W 08:14:25.133 NotebookApp] Notebook covid19/MY_COVID19-Prediction_2020-06-10-output-candidate.ipynb is not trusted
[I 08:14:27.900 NotebookApp] Kernel started: c8c0d6df-4dc8-4972-9ef7-1f8f8a0535b0
[I 08:14:29.365 NotebookApp] Adapting to protocol v5.1 for kernel c8c0d6df-4dc8-4972-9ef7-1f8f8a0535b0
[W 08:17:51.223 NotebookApp] Notebook covid19/MY_COVID19-Prediction_2020-06-10-output-candidate.ipynb is not trusted
[W 08:17:51.348 NotebookApp] Trusting notebook /covid19/MY_COVID19-Prediction_2020-06-10-output-candidate.ipynb
[I 08:17:51.789 NotebookApp] Starting buffering for c8c0d6df-4dc8-4972-9ef7-1f8f8a0535b0:1e8dc4ec73ea4d2f86d51d5b86464b83
[I 08:17:55.246 NotebookApp] Adapting to protocol v5.1 for kernel c8c0d6df-4dc8-4972-9ef7-1f8f8a0535b0
[I 10:13:54.854 NotebookApp] Starting buffering for c8c0d6df-4dc8-4972-9ef7-1f8f8a0535b0:07d9e16a189e43a9849e5ce2584cf6fd
[I 10:37:37.174 NotebookApp] Adapting to protocol v5.1 for kernel c8c0d6df-4dc8-4972-9ef7-1f8f8a0535b0
[I 10:40:37.686 NotebookApp] Copying covid19/MY_COVID19-Prediction_2020-06-10-output-candidate.ipynb to /covid19
[I 10:40:42.355 NotebookApp] Kernel started: e5c9e015-3bdb-48ec-989a-8e59b1863fae
[I 10:40:43.936 NotebookApp] Adapting to protocol v5.1 for kernel e5c9e015-3bdb-48ec-989a-8e59b1863fae
[I 10:41:13.674 NotebookApp] Starting buffering for e5c9e015-3bdb-48ec-989a-8e59b1863fae:6e7d20eae6e34c698ff57906eb6b2d31
[I 10:41:13.994 NotebookApp] Kernel restarted: e5c9e015-3bdb-48ec-989a-8e59b1863fae
[I 10:41:15.244 NotebookApp] Adapting to protocol v5.1 for kernel e5c9e015-3bdb-48ec-989a-8e59b1863fae
[I 10:41:15.245 NotebookApp] Restoring connection for e5c9e015-3bdb-48ec-989a-8e59b1863fae:6e7d20eae6e34c698ff57906eb6b2d31
[I 10:41:15.246 NotebookApp] Replaying 10 buffered messages
[I 10:41:17.189 NotebookApp] Saving file at /covid19/MY_COVID19-Prediction_2020-06-10-42day-Forecast.ipynb
[I 10:42:42.423 NotebookApp] Saving file at /covid19/MY_COVID19-Prediction_2020-06-10-42day-Forecast.ipynb
[I 10:44:42.470 NotebookApp] Saving file at /covid19/MY_COVID19-Prediction_2020-06-10-42day-Forecast.ipynb
[I 10:50:42.551 NotebookApp] Saving file at /covid19/MY_COVID19-Prediction_2020-06-10-42day-Forecast.ipynb
[I 10:54:26.033 NotebookApp] Saving file at /covid19/MY_COVID19-Prediction_2020-06-10-42day-Forecast.ipynb
[I 10:54:42.860 NotebookApp] Saving file at /covid19/MY_COVID19-Prediction_2020-06-10-42day-Forecast.ipynb
[I 10:54:46.995 NotebookApp] KernelRestarter: restarting kernel (1/5), keep random ports
kernel e5c9e015-3bdb-48ec-989a-8e59b1863fae restarted
[I 10:54:50.788 NotebookApp] Saving file at /covid19/MY_COVID19-Prediction_2020-06-10-42day-Forecast.ipynb
[I 10:55:09.102 NotebookApp] Saving file at /covid19/MY_COVID19-Prediction_2020-06-10-42day-Forecast.ipynb
[I 10:55:13.606 NotebookApp] Starting buffering for c8c0d6df-4dc8-4972-9ef7-1f8f8a0535b0:ee5baa61ca364bc988367e2dfff4088e
[I 10:55:14.187 NotebookApp] Starting buffering for e5c9e015-3bdb-48ec-989a-8e59b1863fae:6e7d20eae6e34c698ff57906eb6b2d31
[I 10:56:46.860 NotebookApp] Copying covid19/heatmaps/Heatmap_Folium-Regional-2020-06-10-pred21Days.html to /covid19/heatmaps
[I 10:57:10.681 NotebookApp] Copying covid19/heatmaps/Heatmap_Folium-Regional-2020-06-10-pred42Days.html to /covid19/heatmaps
[I 11:05:46.989 NotebookApp] Kernel shutdown: c8c0d6df-4dc8-4972-9ef7-1f8f8a0535b0
[I 11:05:47.754 NotebookApp] Kernel shutdown: e5c9e015-3bdb-48ec-989a-8e59b1863fae
[I 11:07:01.084 NotebookApp] Copying covid19/MY_COVID19-Prediction_2020-06-07-63dayForecast.ipynb to /covid19
[I 11:07:34.488 NotebookApp] Copying covid19/MY_COVID19-Prediction_2020-06-07-91dayForecast.ipynb to /covid19
[I 11:09:03.214 NotebookApp] Kernel started: 04b9ba1a-1600-4cb7-badc-6297ea6ea99a
[I 11:09:04.707 NotebookApp] Adapting to protocol v5.1 for kernel 04b9ba1a-1600-4cb7-badc-6297ea6ea99a
[I 11:09:40.814 NotebookApp] Saving file at /covid19/MY_COVID19-Prediction_2020-06-10-63dayForecast.ipynb
[I 11:09:46.331 NotebookApp] Starting buffering for 04b9ba1a-1600-4cb7-badc-6297ea6ea99a:d90cefa4abc94ac192e055201914657d
[I 11:09:46.649 NotebookApp] Kernel restarted: 04b9ba1a-1600-4cb7-badc-6297ea6ea99a
[I 11:09:48.052 NotebookApp] Adapting to protocol v5.1 for kernel 04b9ba1a-1600-4cb7-badc-6297ea6ea99a
[I 11:09:48.054 NotebookApp] Restoring connection for 04b9ba1a-1600-4cb7-badc-6297ea6ea99a:d90cefa4abc94ac192e055201914657d
[I 11:09:48.055 NotebookApp] Replaying 10 buffered messages
[I 11:09:55.055 NotebookApp] Kernel started: 50234621-79ef-4c51-92b4-bacdc76e348d
[I 11:09:56.632 NotebookApp] Adapting to protocol v5.1 for kernel 50234621-79ef-4c51-92b4-bacdc76e348d
[I 11:10:11.314 NotebookApp] Saving file at /covid19/MY_COVID19-Prediction_2020-06-10-91dayForecast.ipynb
[I 11:10:14.529 NotebookApp] Starting buffering for 50234621-79ef-4c51-92b4-bacdc76e348d:90974a8fc1634b4393e8c2c5fbf51e2b
[I 11:10:14.843 NotebookApp] Kernel restarted: 50234621-79ef-4c51-92b4-bacdc76e348d
[I 11:10:16.169 NotebookApp] Adapting to protocol v5.1 for kernel 50234621-79ef-4c51-92b4-bacdc76e348d
[I 11:10:16.170 NotebookApp] Restoring connection for 50234621-79ef-4c51-92b4-bacdc76e348d:90974a8fc1634b4393e8c2c5fbf51e2b
[I 11:10:16.171 NotebookApp] Replaying 10 buffered messages
[I 11:10:20.433 NotebookApp] Saving file at /covid19/MY_COVID19-Prediction_2020-06-10-91dayForecast.ipynb
[I 11:11:03.277 NotebookApp] Saving file at /covid19/MY_COVID19-Prediction_2020-06-10-63dayForecast.ipynb
[I 11:11:55.306 NotebookApp] Saving file at /covid19/MY_COVID19-Prediction_2020-06-10-91dayForecast.ipynb
[I 11:13:03.343 NotebookApp] Saving file at /covid19/MY_COVID19-Prediction_2020-06-10-63dayForecast.ipynb
[I 11:13:55.381 NotebookApp] Saving file at /covid19/MY_COVID19-Prediction_2020-06-10-91dayForecast.ipynb
[I 11:15:03.331 NotebookApp] Saving file at /covid19/MY_COVID19-Prediction_2020-06-10-63dayForecast.ipynb
[I 11:21:05.967 NotebookApp] Starting buffering for 50234621-79ef-4c51-92b4-bacdc76e348d:90974a8fc1634b4393e8c2c5fbf51e2b
[I 11:21:05.971 NotebookApp] Starting buffering for 04b9ba1a-1600-4cb7-badc-6297ea6ea99a:d90cefa4abc94ac192e055201914657d
[I 11:21:07.696 NotebookApp] Adapting to protocol v5.1 for kernel 50234621-79ef-4c51-92b4-bacdc76e348d
[I 11:21:07.697 NotebookApp] Restoring connection for 50234621-79ef-4c51-92b4-bacdc76e348d:90974a8fc1634b4393e8c2c5fbf51e2b
[I 11:21:07.712 NotebookApp] Adapting to protocol v5.1 for kernel 04b9ba1a-1600-4cb7-badc-6297ea6ea99a
[I 11:21:07.714 NotebookApp] Restoring connection for 04b9ba1a-1600-4cb7-badc-6297ea6ea99a:d90cefa4abc94ac192e055201914657d
[I 12:39:51.464 NotebookApp] Saving file at /covid19/MY_COVID19-Prediction_2020-06-10-63dayForecast.ipynb
[I 12:14:05.593 NotebookApp] Saving file at /covid19/MY_COVID19-Prediction_2020-06-10-91dayForecast.ipynb
[I 12:14:16.317 NotebookApp] Saving file at /covid19/MY_COVID19-Prediction_2020-06-10-63dayForecast.ipynb
[I 12:19:01.414 NotebookApp] Saving file at /covid19/MY_COVID19-Prediction_2020-06-10-63dayForecast.ipynb
[I 12:23:01.406 NotebookApp] Saving file at /covid19/MY_COVID19-Prediction_2020-06-10-63dayForecast.ipynb
[I 12:25:01.536 NotebookApp] Saving file at /covid19/MY_COVID19-Prediction_2020-06-10-63dayForecast.ipynb
[I 12:25:57.204 NotebookApp] Saving file at /covid19/MY_COVID19-Prediction_2020-06-10-91dayForecast.ipynb
[I 12:31:55.116 NotebookApp] Saving file at /covid19/MY_COVID19-Prediction_2020-06-10-91dayForecast.ipynb
[I 12:39:59.855 NotebookApp] KernelRestarter: restarting kernel (1/5), keep random ports
kernel 04b9ba1a-1600-4cb7-badc-6297ea6ea99a restarted
[I 12:40:01.050 NotebookApp] KernelRestarter: restarting kernel (1/5), keep random ports
kernel 50234621-79ef-4c51-92b4-bacdc76e348d restarted
[I 13:21:42.102 NotebookApp] Starting buffering for 50234621-79ef-4c51-92b4-bacdc76e348d:90974a8fc1634b4393e8c2c5fbf51e2b
[I 13:21:42.672 NotebookApp] Starting buffering for 04b9ba1a-1600-4cb7-badc-6297ea6ea99a:d90cefa4abc94ac192e055201914657d
[I 13:22:20.613 NotebookApp] Copying covid19/heatmaps/Heatmap_Folium-Regional-2020-06-10-pred63Days.html to /covid19/heatmaps
[I 13:22:28.880 NotebookApp] Copying covid19/heatmaps/Heatmap_Folium-Regional-2020-06-10-pred91Days.html to /covid19/heatmaps
[I 14:35:04.452 NotebookApp] Kernel shutdown: 04b9ba1a-1600-4cb7-badc-6297ea6ea99a
[I 14:35:05.162 NotebookApp] Kernel shutdown: 50234621-79ef-4c51-92b4-bacdc76e348d
[W 09:46:51.088 NotebookApp] Notebook covid19/MY_COVID19-Prediction_2020-06-11-output-candidate.ipynb is not trusted
[I 09:46:53.889 NotebookApp] Kernel started: 5b2547e9-5e3c-46e6-b8cf-0d080aaecea7
[I 09:46:55.495 NotebookApp] Adapting to protocol v5.1 for kernel 5b2547e9-5e3c-46e6-b8cf-0d080aaecea7
[I 11:05:46.980 NotebookApp] Starting buffering for 5b2547e9-5e3c-46e6-b8cf-0d080aaecea7:4d2bfc464e164e89b13f9df6c4ed7fb6
[W 11:20:30.776 NotebookApp] Notebook covid19/MY_COVID19-Prediction_2020-06-11-output-candidate.ipynb is not trusted
[I 11:20:33.651 NotebookApp] Adapting to protocol v5.1 for kernel 5b2547e9-5e3c-46e6-b8cf-0d080aaecea7
[I 11:21:02.430 NotebookApp] Kernel started: b6f49d69-d41f-43d8-b6a0-6df73fd2219a
[I 11:21:04.022 NotebookApp] Adapting to protocol v5.1 for kernel b6f49d69-d41f-43d8-b6a0-6df73fd2219a
[I 11:21:33.244 NotebookApp] Copying covid19/MY_COVID19-Prediction_2020-06-10-63dayForecast.ipynb to /covid19
[I 11:21:37.877 NotebookApp] Kernel started: 9fd694e9-8341-4e9d-880f-7f27e4162860
[I 11:21:39.414 NotebookApp] Adapting to protocol v5.1 for kernel 9fd694e9-8341-4e9d-880f-7f27e4162860
[I 11:22:07.796 NotebookApp] Starting buffering for 9fd694e9-8341-4e9d-880f-7f27e4162860:ab6676c65f314f71a5d171e4608b91f8
[I 11:22:08.120 NotebookApp] Kernel restarted: 9fd694e9-8341-4e9d-880f-7f27e4162860
[I 11:22:09.495 NotebookApp] Adapting to protocol v5.1 for kernel 9fd694e9-8341-4e9d-880f-7f27e4162860
[I 11:22:09.497 NotebookApp] Restoring connection for 9fd694e9-8341-4e9d-880f-7f27e4162860:ab6676c65f314f71a5d171e4608b91f8
[I 11:22:09.498 NotebookApp] Replaying 9 buffered messages
[I 11:22:59.662 NotebookApp] Saving file at /covid19/MY_COVID19-Prediction_2020-06-11-21dayForecast-V2.ipynb
[I 11:23:19.527 NotebookApp] Saving file at /covid19/MY_COVID19-Prediction_2020-06-11-21dayForecast-V2.ipynb
[I 11:24:15.533 NotebookApp] Saving file at /covid19/MY_COVID19-Prediction_2020-06-11-21dayForecast-V2.ipynb
[I 11:25:37.951 NotebookApp] Saving file at /covid19/MY_COVID19-Prediction_2020-06-11-21dayForecast-V2.ipynb
[I 11:27:38.510 NotebookApp] Saving file at /covid19/MY_COVID19-Prediction_2020-06-11-21dayForecast-V2.ipynb
[I 11:29:38.637 NotebookApp] Saving file at /covid19/MY_COVID19-Prediction_2020-06-11-21dayForecast-V2.ipynb
[I 11:33:08.121 NotebookApp] KernelRestarter: restarting kernel (1/5), keep random ports
kernel 9fd694e9-8341-4e9d-880f-7f27e4162860 restarted
[I 11:33:36.049 NotebookApp] Saving file at /covid19/MY_COVID19-Prediction_2020-06-11-21dayForecast-V2.ipynb
[I 11:33:36.566 NotebookApp] Copying covid19/MY_COVID19-Prediction_2020-06-11-21dayForecast-V2.ipynb to /covid19
[I 11:33:41.455 NotebookApp] Kernel started: 77670fee-3ce9-401f-8b7d-dd03c6d02b1b
[I 11:33:42.831 NotebookApp] Adapting to protocol v5.1 for kernel 77670fee-3ce9-401f-8b7d-dd03c6d02b1b
[I 11:34:11.102 NotebookApp] Starting buffering for 77670fee-3ce9-401f-8b7d-dd03c6d02b1b:24a66546094d441780f0afcc214baf4b
[I 11:34:11.429 NotebookApp] Kernel restarted: 77670fee-3ce9-401f-8b7d-dd03c6d02b1b
[I 11:34:12.653 NotebookApp] Adapting to protocol v5.1 for kernel 77670fee-3ce9-401f-8b7d-dd03c6d02b1b
[I 11:34:12.654 NotebookApp] Restoring connection for 77670fee-3ce9-401f-8b7d-dd03c6d02b1b:24a66546094d441780f0afcc214baf4b
[I 11:34:12.654 NotebookApp] Replaying 7 buffered messages
[I 11:35:41.511 NotebookApp] Saving file at /covid19/MY_COVID19-Prediction_2020-06-11-42dayForecast-V2.ipynb
[I 11:37:41.558 NotebookApp] Saving file at /covid19/MY_COVID19-Prediction_2020-06-11-42dayForecast-V2.ipynb
[I 11:45:41.685 NotebookApp] Saving file at /covid19/MY_COVID19-Prediction_2020-06-11-42dayForecast-V2.ipynb
[I 11:49:20.431 NotebookApp] KernelRestarter: restarting kernel (1/5), keep random ports
kernel 77670fee-3ce9-401f-8b7d-dd03c6d02b1b restarted
[I 11:49:41.818 NotebookApp] Saving file at /covid19/MY_COVID19-Prediction_2020-06-11-42dayForecast-V2.ipynb
[I 12:26:30.404 NotebookApp] Starting buffering for b6f49d69-d41f-43d8-b6a0-6df73fd2219a:27aa0f8dad324cbc98db6ece74532096
[I 12:33:24.526 NotebookApp] Starting buffering for 5b2547e9-5e3c-46e6-b8cf-0d080aaecea7:3fe1e8506b884a3483b5809c4dccedeb
[I 12:44:48.119 NotebookApp] Saving file at /covid19/MY_COVID19-Prediction_2020-06-11-21dayForecast-V2.ipynb
[I 12:44:57.990 NotebookApp] Saving file at /covid19/MY_COVID19-Prediction_2020-06-11-21dayForecast-V2.ipynb
[I 12:45:03.744 NotebookApp] Starting buffering for 9fd694e9-8341-4e9d-880f-7f27e4162860:ab6676c65f314f71a5d171e4608b91f8
[I 12:45:15.458 NotebookApp] Copying covid19/heatmaps/Heatmap_Folium-Regional-2020-06-11-pred42Days.html to /covid19/heatmaps
[I 12:45:36.312 NotebookApp] Copying covid19/heatmaps/Heatmap_Folium-Regional-2020-06-11-pred21Days.html to /covid19/heatmaps
[I 12:45:57.242 NotebookApp] Copying covid19/MY_COVID19-Prediction_2020-06-11-21dayForecast-V2.ipynb to /covid19
[W 12:47:00.127 NotebookApp] delete /covid19/a.ipynb
[W 12:47:00.131 NotebookApp] Skipping trash for /home/notebookuser/notebooks/covid19/a.ipynb, on different device to home directory
[I 12:47:04.583 NotebookApp] Copying covid19/MY_COVID19-Prediction_00MMYYYY-v2.ipynb to /covid19
[I 12:47:18.677 NotebookApp] Copying covid19/MY_COVID19-Prediction_00MMYYYY-v2.ipynb to /covid19
[W 12:47:41.224 NotebookApp] 409 PATCH /api/contents/covid19/MY_COVID19-Prediction_00MMYYYY-v2-Copy1.ipynb (172.17.0.1): File already exists: covid19/MY_COVID19-Prediction_00MMYYYY-v2.ipynb
[W 12:47:41.225 NotebookApp] File already exists: covid19/MY_COVID19-Prediction_00MMYYYY-v2.ipynb
[W 12:47:41.226 NotebookApp] 409 PATCH /api/contents/covid19/MY_COVID19-Prediction_00MMYYYY-v2-Copy1.ipynb (172.17.0.1) 7.33ms referer=http://localhost:9003/tree/covid19
[I 12:48:06.573 NotebookApp] Kernel shutdown: 5b2547e9-5e3c-46e6-b8cf-0d080aaecea7
[I 12:48:07.064 NotebookApp] Kernel shutdown: b6f49d69-d41f-43d8-b6a0-6df73fd2219a
[W 12:48:07.072 NotebookApp] 404 DELETE /api/sessions/72174ca3-2222-456b-aefb-570eb34203d3 (172.17.0.1): Session not found: session_id='72174ca3-2222-456b-aefb-570eb34203d3'
[W 12:48:07.073 NotebookApp] Session not found: session_id='72174ca3-2222-456b-aefb-570eb34203d3'
[W 12:48:07.074 NotebookApp] 404 DELETE /api/sessions/72174ca3-2222-456b-aefb-570eb34203d3 (172.17.0.1) 2.86ms referer=http://localhost:9003/tree/covid19
[I 12:48:07.665 NotebookApp] Kernel shutdown: 9fd694e9-8341-4e9d-880f-7f27e4162860
[I 12:48:08.299 NotebookApp] Kernel shutdown: 77670fee-3ce9-401f-8b7d-dd03c6d02b1b
